<?xml version="1.0" encoding="UTF-8"?>
<!-- Generated by org.testng.reporters.JUnitReportReporter -->
<testsuite hostname="dhcp193-185.pnq.redhat.com" name="regressiontng" tests="2" failures="0" timestamp="24 Oct 2013 08:40:14 GMT" time="3.963" errors="0">
  <testcase name="invalidargs" time="0.923" classname="regressiontng"/>
  <testcase name="quantitysubs" time="3.040" classname="regressiontng"/>
</testsuite> <!-- regressiontng -->
