<?xml version="1.0" encoding="UTF-8"?>
<!-- Generated by org.testng.reporters.JUnitReportReporter -->
<testsuite hostname="dhcp193-76.pnq.redhat.com" name="regression" tests="2" failures="0" timestamp="26 Jul 2013 09:13:40 GMT" time="16.241" errors="0">
  <testcase name="quantitysubs" time="9.351" classname="regression"/>
  <testcase name="showowner" time="6.890" classname="regression"/>
</testsuite> <!-- regression -->
